22:49:50.991 [main] INFO  testCases.TC001_AccountRegistrationTest - Validating expected message....
22:49:51.074 [main] INFO  testCases.TC001_AccountRegistrationTest - *** Finished TC001_AccountRegistrationTest..
22:49:58.749 [main] INFO  testCases.TC001_AccountRegistrationTest - Validating expected message....
22:49:58.793 [main] INFO  testCases.TC001_AccountRegistrationTest - *** Finished TC001_AccountRegistrationTest..
22:50:07.500 [main] INFO  testCases.TC002_LoginTest - ***Starting TC002_ LoginTest***
22:50:10.606 [main] INFO  testCases.TC002_LoginTest - ****Finished TC02_LoginTest****
22:50:24.890 [main] INFO  testCases.TC002_LoginTest - ***Starting TC002_ LoginTest***
22:50:28.253 [main] INFO  testCases.TC002_LoginTest - ****Finished TC02_LoginTest****
22:51:03.994 [main] INFO  testCases.TC002_LoginTest - ***Starting TC002_ LoginTest***
22:51:07.077 [main] INFO  testCases.TC002_LoginTest - ****Finished TC02_LoginTest****
10:21:23.670 [main] DEBUG org.testng.TestNG - suiteXmlPath: "C:\Users\DELL\eclipse-workspace\OpencartVersion1\Master.xml"
10:21:24.374 [main] INFO  org.testng.internal.Utils - [TestNG] Running:
  C:\Users\DELL\eclipse-workspace\OpencartVersion1\Master.xml

10:22:27.596 [main] INFO  testCases.TC001_AccountRegistrationTest - ***Starting TC))!_AccountRegistrationTest...***
10:22:28.034 [main] INFO  testCases.TC001_AccountRegistrationTest - Clicked on My Account link....
10:22:29.498 [main] INFO  testCases.TC001_AccountRegistrationTest - Clicked on registred link...
10:22:29.502 [main] INFO  testCases.TC001_AccountRegistrationTest - Providing customer details...
10:22:42.242 [main] INFO  testCases.TC001_AccountRegistrationTest - Validating expected message....
10:22:42.316 [main] INFO  testCases.TC001_AccountRegistrationTest - *** Finished TC001_AccountRegistrationTest..
10:22:57.163 [main] INFO  testCases.TC002_LoginTest - ***Starting TC002_ LoginTest***
10:23:00.228 [main] INFO  testCases.TC002_LoginTest - ****Finished TC02_LoginTest****
10:24:15.605 [main] DEBUG org.testng.TestNG - suiteXmlPath: "C:\Users\DELL\eclipse-workspace\OpencartVersion1\Master.xml"
10:24:16.591 [main] INFO  org.testng.internal.Utils - [TestNG] Running:
  C:\Users\DELL\eclipse-workspace\OpencartVersion1\Master.xml

10:24:27.105 [main] INFO  testCases.TC001_AccountRegistrationTest - ***Starting TC))!_AccountRegistrationTest...***
10:24:27.446 [main] INFO  testCases.TC001_AccountRegistrationTest - Clicked on My Account link....
10:24:28.070 [main] INFO  testCases.TC001_AccountRegistrationTest - Clicked on registred link...
10:24:28.073 [main] INFO  testCases.TC001_AccountRegistrationTest - Providing customer details...
10:24:40.595 [main] INFO  testCases.TC001_AccountRegistrationTest - Validating expected message....
10:24:40.736 [main] INFO  testCases.TC001_AccountRegistrationTest - *** Finished TC001_AccountRegistrationTest..
10:24:47.778 [main] INFO  testCases.TC002_LoginTest - ***Starting TC002_ LoginTest***
10:24:49.784 [main] INFO  testCases.TC002_LoginTest - ****Finished TC02_LoginTest****
10:49:07.917 [main] DEBUG org.testng.TestNG - suiteXmlPath: "C:\Users\DELL\eclipse-workspace\OpencartVersion1\master.xml"
10:49:18.946 [main] INFO  testCases.TC001_AccountRegistrationTest - ***Starting TC))!_AccountRegistrationTest...***
10:49:19.197 [main] INFO  testCases.TC001_AccountRegistrationTest - Clicked on My Account link....
10:49:19.778 [main] INFO  testCases.TC001_AccountRegistrationTest - Clicked on registred link...
10:49:19.791 [main] INFO  testCases.TC001_AccountRegistrationTest - Providing customer details...
10:49:31.838 [main] INFO  testCases.TC001_AccountRegistrationTest - Validating expected message....
10:49:31.918 [main] INFO  testCases.TC001_AccountRegistrationTest - *** Finished TC001_AccountRegistrationTest..
10:49:38.110 [main] INFO  testCases.TC002_LoginTest - ***Starting TC002_ LoginTest***
10:49:40.297 [main] INFO  testCases.TC002_LoginTest - ****Finished TC02_LoginTest****
10:48:30.328 [main] DEBUG org.testng.TestNG - suiteXmlPath: "C:\Users\DELL\eclipse-workspace\OpencartVersion1\master.xml"
10:48:57.703 [main] INFO  testCases.TC001_AccountRegistrationTest - ***Starting TC))!_AccountRegistrationTest...***
10:48:57.958 [main] INFO  testCases.TC001_AccountRegistrationTest - Clicked on My Account link....
10:48:59.488 [main] INFO  testCases.TC001_AccountRegistrationTest - Clicked on registred link...
10:48:59.503 [main] INFO  testCases.TC001_AccountRegistrationTest - Providing customer details...
10:49:11.752 [main] INFO  testCases.TC001_AccountRegistrationTest - Validating expected message....
10:49:11.903 [main] INFO  testCases.TC001_AccountRegistrationTest - *** Finished TC001_AccountRegistrationTest..
10:49:20.279 [main] INFO  testCases.TC002_LoginTest - ***Starting TC002_ LoginTest***
10:49:23.832 [main] INFO  testCases.TC002_LoginTest - ****Finished TC02_LoginTest****
11:02:50.464 [main] DEBUG org.testng.TestNG - suiteXmlPath: "C:\Users\DELL\eclipse-workspace\OpencartVersion1\Master.xml"
