07:52:07.615 [TestNG-tests-1] INFO  testCases.TC001_AccountRegistrationTest - ***Starting TC))!_AccountRegistrationTest...***
07:52:07.928 [TestNG-tests-1] INFO  testCases.TC001_AccountRegistrationTest - Clicked on My Account link....
07:52:09.117 [TestNG-tests-1] INFO  testCases.TC001_AccountRegistrationTest - Clicked on registred link...
07:52:09.123 [TestNG-tests-1] INFO  testCases.TC001_AccountRegistrationTest - Providing customer details...
07:52:21.516 [TestNG-tests-1] INFO  testCases.TC001_AccountRegistrationTest - Validating expected message....
07:52:21.644 [TestNG-tests-1] INFO  testCases.TC001_AccountRegistrationTest - *** Finished TC001_AccountRegistrationTest..
07:53:56.560 [main] DEBUG org.testng.TestNG - suiteXmlPath: "C:\Users\DELL\eclipse-workspace\OpencartVersion1\Master.xml"
07:53:57.431 [main] INFO  org.testng.internal.Utils - [TestNG] Running:
  C:\Users\DELL\eclipse-workspace\OpencartVersion1\Master.xml

07:54:04.472 [main] INFO  testCases.TC002_LoginTest - ***Starting TC002_ LoginTest***
07:54:07.376 [main] INFO  testCases.TC002_LoginTest - ****Finished TC02_LoginTest****
07:58:34.456 [main] DEBUG org.testng.TestNG - suiteXmlPath: "C:\Users\DELL\eclipse-workspace\OpencartVersion1\crossbrowsertesting.xml"
07:58:35.265 [main] INFO  org.testng.internal.Utils - [TestNG] Running:
  C:\Users\DELL\eclipse-workspace\OpencartVersion1\crossbrowsertesting.xml

07:58:35.852 [TestNG-tests-3] INFO  testCases.TC001_AccountRegistrationTest - ***Starting TC))!_AccountRegistrationTest...***
07:58:47.184 [TestNG-tests-1] INFO  testCases.TC001_AccountRegistrationTest - ***Starting TC))!_AccountRegistrationTest...***
07:58:50.026 [TestNG-tests-1] INFO  testCases.TC001_AccountRegistrationTest - Clicked on My Account link....
07:58:52.362 [TestNG-tests-1] INFO  testCases.TC001_AccountRegistrationTest - Clicked on registred link...
07:58:52.367 [TestNG-tests-1] INFO  testCases.TC001_AccountRegistrationTest - Providing customer details...
07:58:52.744 [TestNG-tests-2] INFO  testCases.TC001_AccountRegistrationTest - ***Starting TC))!_AccountRegistrationTest...***
07:58:55.457 [TestNG-tests-2] INFO  testCases.TC001_AccountRegistrationTest - Clicked on My Account link....
08:02:20.656 [main] DEBUG org.testng.TestNG - suiteXmlPath: "C:\Users\DELL\eclipse-workspace\OpencartVersion1\crossbrowsertesting.xml"
08:02:21.615 [main] INFO  org.testng.internal.Utils - [TestNG] Running:
  C:\Users\DELL\eclipse-workspace\OpencartVersion1\crossbrowsertesting.xml

08:02:22.946 [TestNG-tests-3] INFO  testCases.TC001_AccountRegistrationTest - ***Starting TC))!_AccountRegistrationTest...***
08:02:41.121 [TestNG-tests-2] INFO  testCases.TC001_AccountRegistrationTest - ***Starting TC))!_AccountRegistrationTest...***
08:02:41.154 [TestNG-tests-1] INFO  testCases.TC001_AccountRegistrationTest - ***Starting TC))!_AccountRegistrationTest...***
08:02:41.427 [TestNG-tests-2] INFO  testCases.TC001_AccountRegistrationTest - Clicked on My Account link....
08:02:41.581 [TestNG-tests-1] INFO  testCases.TC001_AccountRegistrationTest - Clicked on My Account link....
08:07:13.519 [main] DEBUG org.testng.TestNG - suiteXmlPath: "C:\Users\DELL\eclipse-workspace\OpencartVersion1\crossbrowsertesting.xml"
08:07:14.283 [main] INFO  org.testng.internal.Utils - [TestNG] Running:
  C:\Users\DELL\eclipse-workspace\OpencartVersion1\crossbrowsertesting.xml

08:07:31.302 [TestNG-tests-1] INFO  testCases.TC001_AccountRegistrationTest - ***Starting TC))!_AccountRegistrationTest...***
08:07:31.394 [TestNG-tests-2] INFO  testCases.TC001_AccountRegistrationTest - ***Starting TC))!_AccountRegistrationTest...***
08:07:31.650 [TestNG-tests-1] INFO  testCases.TC001_AccountRegistrationTest - Clicked on My Account link....
08:07:31.848 [TestNG-tests-2] INFO  testCases.TC001_AccountRegistrationTest - Clicked on My Account link....
08:08:15.236 [TestNG-tests-3] INFO  testCases.TC001_AccountRegistrationTest - ***Starting TC))!_AccountRegistrationTest...***
08:08:15.778 [TestNG-tests-3] INFO  testCases.TC001_AccountRegistrationTest - Clicked on My Account link....
08:08:17.223 [TestNG-tests-3] INFO  testCases.TC001_AccountRegistrationTest - Clicked on registred link...
08:08:17.233 [TestNG-tests-3] INFO  testCases.TC001_AccountRegistrationTest - Providing customer details...
08:08:29.282 [TestNG-tests-3] INFO  testCases.TC001_AccountRegistrationTest - Validating expected message....
08:08:29.343 [TestNG-tests-3] INFO  testCases.TC001_AccountRegistrationTest - *** Finished TC001_AccountRegistrationTest..
08:09:57.579 [main] DEBUG org.testng.TestNG - suiteXmlPath: "C:\Users\DELL\eclipse-workspace\OpencartVersion1\testng.xml"
08:09:58.257 [main] INFO  org.testng.internal.Utils - [TestNG] Running:
  C:\Users\DELL\eclipse-workspace\OpencartVersion1\testng.xml

08:10:07.231 [main] INFO  testCases.TC001_AccountRegistrationTest - ***Starting TC))!_AccountRegistrationTest...***
08:10:07.877 [main] INFO  testCases.TC001_AccountRegistrationTest - Clicked on My Account link....
