16:27:36.658 [main] INFO  testCases.TC001_AccountRegistrationTest - Validating expected message....
16:27:36.715 [main] INFO  testCases.TC001_AccountRegistrationTest - *** Finished TC001_AccountRegistrationTest..
16:28:49.608 [main] INFO  testCases.TC001_AccountRegistrationTest - ***Starting TC))!_AccountRegistrationTest...***
16:28:49.838 [main] INFO  testCases.TC001_AccountRegistrationTest - Clicked on My Account link....
16:28:50.411 [main] INFO  testCases.TC001_AccountRegistrationTest - Clicked on registred link...
16:28:50.415 [main] INFO  testCases.TC001_AccountRegistrationTest - Providing customer details...
16:29:02.152 [main] INFO  testCases.TC001_AccountRegistrationTest - Validating expected message....
16:29:02.211 [main] INFO  testCases.TC001_AccountRegistrationTest - *** Finished TC001_AccountRegistrationTest..
16:35:45.702 [main] INFO  testCases.TC001_AccountRegistrationTest - ***Starting TC))!_AccountRegistrationTest...***
16:35:46.004 [main] INFO  testCases.TC001_AccountRegistrationTest - Clicked on My Account link....
16:35:46.586 [main] INFO  testCases.TC001_AccountRegistrationTest - Clicked on registred link...
16:35:46.590 [main] INFO  testCases.TC001_AccountRegistrationTest - Providing customer details...
16:35:58.397 [main] INFO  testCases.TC001_AccountRegistrationTest - Validating expected message....
16:35:58.489 [main] INFO  testCases.TC001_AccountRegistrationTest - *** Finished TC001_AccountRegistrationTest..
16:36:05.401 [main] INFO  testCases.TC001_AccountRegistrationTest - ***Starting TC))!_AccountRegistrationTest...***
16:36:05.586 [main] INFO  testCases.TC001_AccountRegistrationTest - Clicked on My Account link....
16:36:06.051 [main] INFO  testCases.TC001_AccountRegistrationTest - Clicked on registred link...
16:36:06.053 [main] INFO  testCases.TC001_AccountRegistrationTest - Providing customer details...
16:36:17.969 [main] INFO  testCases.TC001_AccountRegistrationTest - Validating expected message....
16:36:18.052 [main] INFO  testCases.TC001_AccountRegistrationTest - *** Finished TC001_AccountRegistrationTest..
16:37:11.560 [main] INFO  testCases.TC001_AccountRegistrationTest - ***Starting TC))!_AccountRegistrationTest...***
16:37:11.957 [main] INFO  testCases.TC001_AccountRegistrationTest - Clicked on My Account link....
16:37:12.923 [main] INFO  testCases.TC001_AccountRegistrationTest - Clicked on registred link...
16:37:12.924 [main] INFO  testCases.TC001_AccountRegistrationTest - Providing customer details...
16:37:25.349 [main] INFO  testCases.TC001_AccountRegistrationTest - Validating expected message....
16:37:25.379 [main] INFO  testCases.TC001_AccountRegistrationTest - *** Finished TC001_AccountRegistrationTest..
16:38:12.116 [main] INFO  testCases.TC001_AccountRegistrationTest - ***Starting TC))!_AccountRegistrationTest...***
16:38:12.363 [main] INFO  testCases.TC001_AccountRegistrationTest - Clicked on My Account link....
16:38:13.078 [main] INFO  testCases.TC001_AccountRegistrationTest - Clicked on registred link...
16:38:13.083 [main] INFO  testCases.TC001_AccountRegistrationTest - Providing customer details...
16:38:24.927 [main] INFO  testCases.TC001_AccountRegistrationTest - Validating expected message....
16:38:24.997 [main] INFO  testCases.TC001_AccountRegistrationTest - *** Finished TC001_AccountRegistrationTest..
16:38:33.033 [main] INFO  testCases.TC001_AccountRegistrationTest - ***Starting TC))!_AccountRegistrationTest...***
16:38:33.341 [main] INFO  testCases.TC001_AccountRegistrationTest - Clicked on My Account link....
16:38:33.923 [main] INFO  testCases.TC001_AccountRegistrationTest - Clicked on registred link...
16:38:33.928 [main] INFO  testCases.TC001_AccountRegistrationTest - Providing customer details...
16:38:45.758 [main] INFO  testCases.TC001_AccountRegistrationTest - Validating expected message....
16:38:46.035 [main] INFO  testCases.TC001_AccountRegistrationTest - *** Finished TC001_AccountRegistrationTest..
16:39:01.046 [main] INFO  testCases.TC001_AccountRegistrationTest - ***Starting TC))!_AccountRegistrationTest...***
16:39:01.748 [main] INFO  testCases.TC001_AccountRegistrationTest - Clicked on My Account link....
16:39:02.718 [main] INFO  testCases.TC001_AccountRegistrationTest - Clicked on registred link...
16:39:02.726 [main] INFO  testCases.TC001_AccountRegistrationTest - Providing customer details...
16:39:09.363 [main] INFO  testCases.TC001_AccountRegistrationTest - ***Starting TC))!_AccountRegistrationTest...***
16:39:09.727 [main] INFO  testCases.TC001_AccountRegistrationTest - Clicked on My Account link....
16:39:10.430 [main] INFO  testCases.TC001_AccountRegistrationTest - Clicked on registred link...
16:39:10.438 [main] INFO  testCases.TC001_AccountRegistrationTest - Providing customer details...
16:39:15.686 [main] INFO  testCases.TC001_AccountRegistrationTest - Validating expected message....
16:39:15.717 [main] INFO  testCases.TC001_AccountRegistrationTest - *** Finished TC001_AccountRegistrationTest..
16:39:22.681 [main] INFO  testCases.TC001_AccountRegistrationTest - Validating expected message....
16:39:22.729 [main] INFO  testCases.TC001_AccountRegistrationTest - *** Finished TC001_AccountRegistrationTest..
16:39:29.036 [main] INFO  testCases.TC001_AccountRegistrationTest - ***Starting TC))!_AccountRegistrationTest...***
16:39:29.240 [main] INFO  testCases.TC001_AccountRegistrationTest - Clicked on My Account link....
16:39:29.742 [main] INFO  testCases.TC001_AccountRegistrationTest - Clicked on registred link...
16:39:29.744 [main] INFO  testCases.TC001_AccountRegistrationTest - Providing customer details...
